<?xml version="1.0" encoding="UTF-8"?>
<testng-results ignored="0" total="1" passed="1" failed="0" skipped="0">
  <reporter-output>
  </reporter-output>
  <suite started-at="2021-04-11T15:22:21 CEST" name="Default suite" finished-at="2021-04-11T15:22:22 CEST" duration-ms="107">
    <groups>
    </groups>
    <test started-at="2021-04-11T15:22:21 CEST" name="Default test" finished-at="2021-04-11T15:22:22 CEST" duration-ms="107">
      <class name="hibertest.NewTest">
        <test-method signature="testAdd()[pri:0, instance:hibertest.NewTest@51f116b8]" started-at="2021-04-11T15:22:22 CEST" name="testAdd" finished-at="2021-04-11T15:22:22 CEST" duration-ms="20" status="PASS">
          <reporter-output>
          </reporter-output>
        </test-method> <!-- testAdd -->
      </class> <!-- hibertest.NewTest -->
    </test> <!-- Default test -->
  </suite> <!-- Default suite -->
</testng-results>
